INFO [2020-03-05 15:19:02] $x
INFO [2020-03-05 15:19:02] list(lm22_genes, dlbcl_sig_matrix_genes)
INFO [2020-03-05 15:19:02] 
INFO [2020-03-05 15:19:02] $category.names
INFO [2020-03-05 15:19:02] c("LM22 Signature Genes", "Spectrum Custom \nSignature Genes")
INFO [2020-03-05 15:19:02] 
INFO [2020-03-05 15:19:02] $filename
INFO [2020-03-05 15:19:02] [1] "output/venn.png"
INFO [2020-03-05 15:19:02] 
INFO [2020-03-05 15:19:02] $output
INFO [2020-03-05 15:19:02] [1] TRUE
INFO [2020-03-05 15:19:02] 
INFO [2020-03-05 15:19:02] $imagetype
INFO [2020-03-05 15:19:02] [1] "png"
INFO [2020-03-05 15:19:02] 
INFO [2020-03-05 15:19:02] $height
INFO [2020-03-05 15:19:02] [1] 600
INFO [2020-03-05 15:19:02] 
INFO [2020-03-05 15:19:02] $width
INFO [2020-03-05 15:19:02] [1] 600
INFO [2020-03-05 15:19:02] 
INFO [2020-03-05 15:19:02] $resolution
INFO [2020-03-05 15:19:02] [1] 300
INFO [2020-03-05 15:19:02] 
INFO [2020-03-05 15:19:02] $compression
INFO [2020-03-05 15:19:02] [1] "lzw"
INFO [2020-03-05 15:19:02] 
INFO [2020-03-05 15:19:02] $lwd
INFO [2020-03-05 15:19:02] [1] 1.5
INFO [2020-03-05 15:19:02] 
INFO [2020-03-05 15:19:02] $col
INFO [2020-03-05 15:19:02] c("red", "blue")
INFO [2020-03-05 15:19:02] 
INFO [2020-03-05 15:19:02] $fill
INFO [2020-03-05 15:19:02] c(alpha("red", 0.3), alpha("blue", 0.3))
INFO [2020-03-05 15:19:02] 
INFO [2020-03-05 15:19:02] $cex
INFO [2020-03-05 15:19:02] [1] 1.1
INFO [2020-03-05 15:19:02] 
INFO [2020-03-05 15:19:02] $fontfamily
INFO [2020-03-05 15:19:02] [1] "sans"
INFO [2020-03-05 15:19:02] 
INFO [2020-03-05 15:19:02] $cat.cex
INFO [2020-03-05 15:19:02] [1] 0.5
INFO [2020-03-05 15:19:02] 
INFO [2020-03-05 15:19:02] $cat.default.pos
INFO [2020-03-05 15:19:02] [1] "outer"
INFO [2020-03-05 15:19:02] 
INFO [2020-03-05 15:19:02] $cat.pos
INFO [2020-03-05 15:19:02] c(-5, 5)
INFO [2020-03-05 15:19:02] 
INFO [2020-03-05 15:19:02] $cat.dist
INFO [2020-03-05 15:19:02] c(0.055, 0.09)
INFO [2020-03-05 15:19:02] 
INFO [2020-03-05 15:19:02] $cat.fontfamily
INFO [2020-03-05 15:19:02] [1] "sans"
INFO [2020-03-05 15:19:02] 
INFO [2020-03-05 15:19:02] $cat.col
INFO [2020-03-05 15:19:02] c("red", "blue")
INFO [2020-03-05 15:19:02] 
