INFO [2020-03-05 15:18:38] $x
INFO [2020-03-05 15:18:38] list(lm22_genes, dlbcl_sig_matrix_genes)
INFO [2020-03-05 15:18:38] 
INFO [2020-03-05 15:18:38] $category.names
INFO [2020-03-05 15:18:38] c("LM22 Signature Genes", "DLBCL Custom \nSignature Genes")
INFO [2020-03-05 15:18:38] 
INFO [2020-03-05 15:18:38] $filename
INFO [2020-03-05 15:18:38] [1] "output/venn.png"
INFO [2020-03-05 15:18:38] 
INFO [2020-03-05 15:18:38] $output
INFO [2020-03-05 15:18:38] [1] TRUE
INFO [2020-03-05 15:18:38] 
INFO [2020-03-05 15:18:38] $imagetype
INFO [2020-03-05 15:18:38] [1] "png"
INFO [2020-03-05 15:18:38] 
INFO [2020-03-05 15:18:38] $height
INFO [2020-03-05 15:18:38] [1] 600
INFO [2020-03-05 15:18:38] 
INFO [2020-03-05 15:18:38] $width
INFO [2020-03-05 15:18:38] [1] 600
INFO [2020-03-05 15:18:38] 
INFO [2020-03-05 15:18:38] $resolution
INFO [2020-03-05 15:18:38] [1] 300
INFO [2020-03-05 15:18:38] 
INFO [2020-03-05 15:18:38] $compression
INFO [2020-03-05 15:18:38] [1] "lzw"
INFO [2020-03-05 15:18:38] 
INFO [2020-03-05 15:18:38] $lwd
INFO [2020-03-05 15:18:38] [1] 1.5
INFO [2020-03-05 15:18:38] 
INFO [2020-03-05 15:18:38] $col
INFO [2020-03-05 15:18:38] c("red", "blue")
INFO [2020-03-05 15:18:38] 
INFO [2020-03-05 15:18:38] $fill
INFO [2020-03-05 15:18:38] c(alpha("red", 0.3), alpha("blue", 0.3))
INFO [2020-03-05 15:18:38] 
INFO [2020-03-05 15:18:38] $cex
INFO [2020-03-05 15:18:38] [1] 1.1
INFO [2020-03-05 15:18:38] 
INFO [2020-03-05 15:18:38] $fontfamily
INFO [2020-03-05 15:18:38] [1] "sans"
INFO [2020-03-05 15:18:38] 
INFO [2020-03-05 15:18:38] $cat.cex
INFO [2020-03-05 15:18:38] [1] 0.5
INFO [2020-03-05 15:18:38] 
INFO [2020-03-05 15:18:38] $cat.default.pos
INFO [2020-03-05 15:18:38] [1] "outer"
INFO [2020-03-05 15:18:38] 
INFO [2020-03-05 15:18:38] $cat.pos
INFO [2020-03-05 15:18:38] c(-5, 5)
INFO [2020-03-05 15:18:38] 
INFO [2020-03-05 15:18:38] $cat.dist
INFO [2020-03-05 15:18:38] c(0.055, 0.09)
INFO [2020-03-05 15:18:38] 
INFO [2020-03-05 15:18:38] $cat.fontfamily
INFO [2020-03-05 15:18:38] [1] "sans"
INFO [2020-03-05 15:18:38] 
INFO [2020-03-05 15:18:38] $cat.col
INFO [2020-03-05 15:18:38] c("red", "blue")
INFO [2020-03-05 15:18:38] 
