INFO [2020-02-10 14:04:20] $x
INFO [2020-02-10 14:04:20] list(lm22_genes, mac_sig_matrix_genes)
INFO [2020-02-10 14:04:20] 
INFO [2020-02-10 14:04:20] $category.names
INFO [2020-02-10 14:04:20] c("LM22 Signature Genes", "Macrophage Cluster \nSignature Genes")
INFO [2020-02-10 14:04:20] 
INFO [2020-02-10 14:04:20] $filename
INFO [2020-02-10 14:04:20] [1] "output/venn.png"
INFO [2020-02-10 14:04:20] 
INFO [2020-02-10 14:04:20] $output
INFO [2020-02-10 14:04:20] [1] TRUE
INFO [2020-02-10 14:04:20] 
INFO [2020-02-10 14:04:20] $imagetype
INFO [2020-02-10 14:04:20] [1] "png"
INFO [2020-02-10 14:04:20] 
INFO [2020-02-10 14:04:20] $height
INFO [2020-02-10 14:04:20] [1] 600
INFO [2020-02-10 14:04:20] 
INFO [2020-02-10 14:04:20] $width
INFO [2020-02-10 14:04:20] [1] 600
INFO [2020-02-10 14:04:20] 
INFO [2020-02-10 14:04:20] $resolution
INFO [2020-02-10 14:04:20] [1] 300
INFO [2020-02-10 14:04:20] 
INFO [2020-02-10 14:04:20] $compression
INFO [2020-02-10 14:04:20] [1] "lzw"
INFO [2020-02-10 14:04:20] 
INFO [2020-02-10 14:04:20] $lwd
INFO [2020-02-10 14:04:20] [1] 1.5
INFO [2020-02-10 14:04:20] 
INFO [2020-02-10 14:04:20] $col
INFO [2020-02-10 14:04:20] c("red", "blue")
INFO [2020-02-10 14:04:20] 
INFO [2020-02-10 14:04:20] $fill
INFO [2020-02-10 14:04:20] c(alpha("red", 0.3), alpha("blue", 0.3))
INFO [2020-02-10 14:04:20] 
INFO [2020-02-10 14:04:20] $cex
INFO [2020-02-10 14:04:20] [1] 1.1
INFO [2020-02-10 14:04:20] 
INFO [2020-02-10 14:04:20] $fontfamily
INFO [2020-02-10 14:04:20] [1] "sans"
INFO [2020-02-10 14:04:20] 
INFO [2020-02-10 14:04:20] $cat.cex
INFO [2020-02-10 14:04:20] [1] 0.5
INFO [2020-02-10 14:04:20] 
INFO [2020-02-10 14:04:20] $cat.default.pos
INFO [2020-02-10 14:04:20] [1] "outer"
INFO [2020-02-10 14:04:20] 
INFO [2020-02-10 14:04:20] $cat.pos
INFO [2020-02-10 14:04:20] c(-5, 5)
INFO [2020-02-10 14:04:20] 
INFO [2020-02-10 14:04:20] $cat.dist
INFO [2020-02-10 14:04:20] c(0.055, 0.09)
INFO [2020-02-10 14:04:20] 
INFO [2020-02-10 14:04:20] $cat.fontfamily
INFO [2020-02-10 14:04:20] [1] "sans"
INFO [2020-02-10 14:04:20] 
INFO [2020-02-10 14:04:20] $cat.col
INFO [2020-02-10 14:04:20] c("red", "blue")
INFO [2020-02-10 14:04:20] 
ERROR [2020-02-11 17:06:55] Invalid size of input object
