INFO [2020-03-05 15:19:24] $x
INFO [2020-03-05 15:19:24] list(lm22_genes, spectrum_sig_matrix_genes)
INFO [2020-03-05 15:19:24] 
INFO [2020-03-05 15:19:24] $category.names
INFO [2020-03-05 15:19:24] c("LM22 Signature Genes", "Spectrum Custom \nSignature Genes")
INFO [2020-03-05 15:19:24] 
INFO [2020-03-05 15:19:24] $filename
INFO [2020-03-05 15:19:24] [1] "output/venn.png"
INFO [2020-03-05 15:19:24] 
INFO [2020-03-05 15:19:24] $output
INFO [2020-03-05 15:19:24] [1] TRUE
INFO [2020-03-05 15:19:24] 
INFO [2020-03-05 15:19:24] $imagetype
INFO [2020-03-05 15:19:24] [1] "png"
INFO [2020-03-05 15:19:24] 
INFO [2020-03-05 15:19:24] $height
INFO [2020-03-05 15:19:24] [1] 600
INFO [2020-03-05 15:19:24] 
INFO [2020-03-05 15:19:24] $width
INFO [2020-03-05 15:19:24] [1] 600
INFO [2020-03-05 15:19:24] 
INFO [2020-03-05 15:19:24] $resolution
INFO [2020-03-05 15:19:24] [1] 300
INFO [2020-03-05 15:19:24] 
INFO [2020-03-05 15:19:24] $compression
INFO [2020-03-05 15:19:24] [1] "lzw"
INFO [2020-03-05 15:19:24] 
INFO [2020-03-05 15:19:24] $lwd
INFO [2020-03-05 15:19:24] [1] 1.5
INFO [2020-03-05 15:19:24] 
INFO [2020-03-05 15:19:24] $col
INFO [2020-03-05 15:19:24] c("red", "blue")
INFO [2020-03-05 15:19:24] 
INFO [2020-03-05 15:19:24] $fill
INFO [2020-03-05 15:19:24] c(alpha("red", 0.3), alpha("blue", 0.3))
INFO [2020-03-05 15:19:24] 
INFO [2020-03-05 15:19:24] $cex
INFO [2020-03-05 15:19:24] [1] 1.1
INFO [2020-03-05 15:19:24] 
INFO [2020-03-05 15:19:24] $fontfamily
INFO [2020-03-05 15:19:24] [1] "sans"
INFO [2020-03-05 15:19:24] 
INFO [2020-03-05 15:19:24] $cat.cex
INFO [2020-03-05 15:19:24] [1] 0.5
INFO [2020-03-05 15:19:24] 
INFO [2020-03-05 15:19:24] $cat.default.pos
INFO [2020-03-05 15:19:24] [1] "outer"
INFO [2020-03-05 15:19:24] 
INFO [2020-03-05 15:19:24] $cat.pos
INFO [2020-03-05 15:19:24] c(-5, 5)
INFO [2020-03-05 15:19:24] 
INFO [2020-03-05 15:19:24] $cat.dist
INFO [2020-03-05 15:19:24] c(0.055, 0.09)
INFO [2020-03-05 15:19:24] 
INFO [2020-03-05 15:19:24] $cat.fontfamily
INFO [2020-03-05 15:19:24] [1] "sans"
INFO [2020-03-05 15:19:24] 
INFO [2020-03-05 15:19:24] $cat.col
INFO [2020-03-05 15:19:24] c("red", "blue")
INFO [2020-03-05 15:19:24] 
